2025-12-15 12:17:35, MOVE, v:1, k:poo@zoo, mode:PICK
2025-12-15 12:17:36, EXEC, v:1, k:poo@zoo, mode:LOCK, rate:100
2025-12-15 12:17:37, EXEC, v:1, k:poo@zoo, mode:LOCK, rate:100
2025-12-15 12:17:37, MOVE, v:1, k:poo@zoo, mode:BACK
2025-12-15 12:20:48, MOVE, v:1, k:poo@zoo, mode:PICK
2025-12-15 12:20:48, EXEC, v:1, k:poo@zoo, mode:LOCK, rate:100, size:49
2025-12-15 12:20:48, EXEC, v:1, k:poo@zoo, mode:LOCK, rate:100, size:49
2025-12-15 12:20:49, EXEC, v:1, k:poo@zoo, mode:LOCK, rate:100, size:49
2025-12-15 12:20:50, MOVE, v:1, k:poo@zoo, mode:BACK
2025-12-15 12:36:02, MOVE, v:1, k:poo@zoo, mode:PICK
2025-12-15 12:36:03, EXEC, v:1, k:poo@zoo, mode:LOCK, rate:100
2025-12-15 12:36:03, MOVE, v:1, k:poo@zoo, mode:BACK
2025-12-15 12:38:40, MOVE, v:1, k:poo@zoo, mode:PICK
2025-12-15 12:38:40, EXEC, v:1, k:poo@zoo, mode:LOCK, rate:100, size:55
2025-12-15 12:38:41, EXEC, v:1, k:poo@zoo, mode:LOCK, rate:100
2025-12-15 12:38:41, MOVE, v:1, k:poo@zoo, mode:BACK
2025-12-15 12:47:40, MOVE, v:1, k:poo@pagamento, mode:DOWN
2025-12-15 12:47:40, MOVE, v:1, k:poo@pagamento, mode:PICK
2025-12-15 12:47:41, EXEC, v:1, k:poo@pagamento, mode:LOCK, rate:100, size:0
2025-12-15 12:47:42, MOVE, v:1, k:poo@pagamento, mode:BACK
2025-12-15 12:47:48, MOVE, v:1, k:poo@zoo, mode:PICK
2025-12-15 12:47:48, EXEC, v:1, k:poo@zoo, mode:LOCK, rate:100
2025-12-15 12:47:49, EXEC, v:1, k:poo@zoo, mode:LOCK, rate:100
2025-12-15 12:47:49, MOVE, v:1, k:poo@zoo, mode:BACK
2025-12-15 12:49:15, MOVE, v:1, k:poo@zoo, mode:PICK
2025-12-15 12:49:15, EXEC, v:1, k:poo@zoo, mode:LOCK, rate:0, size:59
2025-12-15 12:49:16, EXEC, v:1, k:poo@zoo, mode:LOCK, rate:0
2025-12-15 12:49:17, EXEC, v:1, k:poo@zoo, mode:LOCK, rate:0
2025-12-15 12:49:19, MOVE, v:1, k:poo@zoo, mode:BACK
2025-12-15 12:51:01, MOVE, v:1, k:poo@zoo, mode:PICK
2025-12-15 12:51:02, EXEC, v:1, k:poo@zoo, mode:LOCK, rate:0, size:61
2025-12-15 12:51:02, EXEC, v:1, k:poo@zoo, mode:LOCK, rate:0, size:61
2025-12-15 12:51:04, MOVE, v:1, k:poo@zoo, mode:BACK
2025-12-15 12:58:19, MOVE, v:1, k:poo@zoo, mode:PICK
2025-12-15 12:58:20, EXEC, v:1, k:poo@zoo, mode:LOCK, rate:0, size:61
2025-12-15 12:58:21, MOVE, v:1, k:poo@zoo, mode:BACK
2025-12-15 13:02:30, MOVE, v:1, k:poo@zoo, mode:PICK
2025-12-15 13:02:30, EXEC, v:1, k:poo@zoo, mode:LOCK, rate:100, size:73
2025-12-15 13:02:30, EXEC, v:1, k:poo@zoo, mode:LOCK, rate:100, size:73
2025-12-15 13:02:31, MOVE, v:1, k:poo@zoo, mode:BACK
2025-12-15 13:05:27, MOVE, v:1, k:poo@zoo, mode:PICK
2025-12-15 13:05:28, EXEC, v:1, k:poo@zoo, mode:LOCK, rate:0, size:76
2025-12-15 13:05:28, EXEC, v:1, k:poo@zoo, mode:LOCK, rate:0, size:76
2025-12-15 13:05:50, EXEC, v:1, k:poo@zoo, mode:LOCK, rate:0, size:76
2025-12-15 13:08:34, EXEC, v:1, k:poo@zoo, mode:LOCK, rate:0, size:76
2025-12-15 13:08:34, EXEC, v:1, k:poo@zoo, mode:LOCK, rate:0, size:76
2025-12-15 13:08:49, MOVE, v:1, k:poo@zoo, mode:BACK
2025-12-15 13:08:52, MOVE, v:1, k:poo@zoo, mode:PICK
2025-12-15 13:08:52, EXEC, v:1, k:poo@zoo, mode:LOCK, rate:0, size:76
2025-12-15 13:08:52, MOVE, v:1, k:poo@zoo, mode:BACK
2025-12-15 13:40:43, MOVE, v:1, k:poo@estacionamento, mode:DOWN
2025-12-15 13:41:25, MOVE, v:1, k:poo@estacionamento, mode:PICK
2025-12-15 13:41:25, EXEC, v:1, k:poo@estacionamento, mode:FULL, rate:0, size:0
2025-12-15 13:41:34, MOVE, v:1, k:poo@estacionamento, mode:BACK
2025-12-15 13:56:48, MOVE, v:1, k:poo@estacionamento, mode:PICK
2025-12-15 13:56:49, EXEC, v:1, k:poo@estacionamento, mode:FULL, rate:0, size:7
2025-12-15 13:56:49, MOVE, v:1, k:poo@estacionamento, mode:BACK
2025-12-15 14:04:52, MOVE, v:1, k:poo@estacionamento, mode:PICK
2025-12-15 14:04:52, EXEC, v:1, k:poo@estacionamento, mode:FULL, rate:0, size:10
2025-12-15 14:04:53, EXEC, v:1, k:poo@estacionamento, mode:FULL, rate:0
2025-12-15 14:04:53, EXEC, v:1, k:poo@estacionamento, mode:FULL, rate:0
2025-12-15 14:04:54, MOVE, v:1, k:poo@estacionamento, mode:BACK
2025-12-15 14:15:29, MOVE, v:1, k:poo@estacionamento, mode:PICK
2025-12-15 14:15:29, EXEC, v:1, k:poo@estacionamento, mode:FULL, rate:0
2025-12-15 14:15:30, EXEC, v:1, k:poo@estacionamento, mode:FULL, rate:0
2025-12-15 14:15:30, EXEC, v:1, k:poo@estacionamento, mode:FULL, rate:0
2025-12-15 14:15:30, EXEC, v:1, k:poo@estacionamento, mode:FULL, rate:0
2025-12-15 14:15:31, EXEC, v:1, k:poo@estacionamento, mode:FULL, rate:0
2025-12-15 14:15:31, MOVE, v:1, k:poo@estacionamento, mode:BACK
2025-12-15 14:26:20, MOVE, v:1, k:poo@estacionamento, mode:PICK
2025-12-15 14:26:20, EXEC, v:1, k:poo@estacionamento, mode:FULL, rate:0, size:19
2025-12-15 14:26:21, EXEC, v:1, k:poo@estacionamento, mode:FULL, rate:0
2025-12-15 14:26:22, EXEC, v:1, k:poo@estacionamento, mode:FULL, rate:0
2025-12-15 14:26:36, EXEC, v:1, k:poo@estacionamento, mode:FULL, rate:0, size:19
2025-12-15 14:26:37, EXEC, v:1, k:poo@estacionamento, mode:FULL, rate:0
2025-12-15 14:26:38, MOVE, v:1, k:poo@estacionamento, mode:BACK
2025-12-15 14:41:41, MOVE, v:1, k:poo@estacionamento, mode:PICK
2025-12-15 14:41:42, EXEC, v:1, k:poo@estacionamento, mode:FULL, rate:0
2025-12-15 14:41:42, MOVE, v:1, k:poo@estacionamento, mode:BACK
2025-12-15 14:43:26, MOVE, v:1, k:poo@estacionamento, mode:PICK
2025-12-15 14:43:26, EXEC, v:1, k:poo@estacionamento, mode:FULL, rate:0, size:23
2025-12-15 14:43:27, MOVE, v:1, k:poo@estacionamento, mode:BACK
2025-12-15 14:52:31, MOVE, v:1, k:poo@estacionamento, mode:PICK
2025-12-15 14:52:31, EXEC, v:1, k:poo@estacionamento, mode:FULL, rate:0, size:25
2025-12-15 14:52:32, MOVE, v:1, k:poo@estacionamento, mode:BACK
2025-12-15 14:54:10, MOVE, v:1, k:poo@estacionamento, mode:PICK
2025-12-15 14:54:11, EXEC, v:1, k:poo@estacionamento, mode:FULL, rate:0, size:26
2025-12-15 14:54:12, MOVE, v:1, k:poo@estacionamento, mode:BACK
2025-12-15 14:59:09, MOVE, v:1, k:poo@estacionamento, mode:PICK
2025-12-15 14:59:09, EXEC, v:1, k:poo@estacionamento, mode:FULL, rate:0, size:27
2025-12-15 14:59:10, MOVE, v:1, k:poo@estacionamento, mode:BACK
2025-12-15 15:08:19, MOVE, v:1, k:poo@estacionamento, mode:PICK
2025-12-15 15:08:19, EXEC, v:1, k:poo@estacionamento, mode:FULL, rate:0, size:29
2025-12-15 15:09:26, MOVE, v:1, k:poo@estacionamento, mode:BACK
2025-12-15 15:10:49, MOVE, v:1, k:poo@estacionamento, mode:PICK
2025-12-15 15:10:49, EXEC, v:1, k:poo@estacionamento, mode:FULL, rate:0, size:33
2025-12-15 15:10:50, MOVE, v:1, k:poo@estacionamento, mode:BACK
2025-12-15 15:19:48, MOVE, v:1, k:poo@estacionamento, mode:PICK
2025-12-15 15:19:49, EXEC, v:1, k:poo@estacionamento, mode:FULL, rate:0, size:34
2025-12-15 15:19:50, MOVE, v:1, k:poo@estacionamento, mode:BACK
2025-12-15 15:33:17, MOVE, v:1, k:poo@estacionamento, mode:PICK
2025-12-15 15:33:18, EXEC, v:1, k:poo@estacionamento, mode:FULL, rate:0, size:36
2025-12-15 15:33:19, MOVE, v:1, k:poo@estacionamento, mode:BACK
2025-12-15 15:41:44, MOVE, v:1, k:poo@estacionamento, mode:PICK
2025-12-15 15:41:45, EXEC, v:1, k:poo@estacionamento, mode:FULL, rate:0, size:38
2025-12-15 15:41:45, MOVE, v:1, k:poo@estacionamento, mode:BACK
2025-12-15 15:52:59, MOVE, v:1, k:poo@estacionamento, mode:PICK
2025-12-15 15:52:59, EXEC, v:1, k:poo@estacionamento, mode:FULL, rate:0, size:42
2025-12-15 15:53:01, MOVE, v:1, k:poo@estacionamento, mode:BACK
2025-12-15 16:01:21, MOVE, v:1, k:poo@estacionamento, mode:PICK
2025-12-15 16:01:22, EXEC, v:1, k:poo@estacionamento, mode:FULL, rate:0, size:46
2025-12-15 16:01:22, MOVE, v:1, k:poo@estacionamento, mode:BACK
2025-12-15 16:11:57, MOVE, v:1, k:poo@estacionamento, mode:PICK
2025-12-15 16:11:58, EXEC, v:1, k:poo@estacionamento, mode:FULL, rate:0, size:49
2025-12-15 16:11:58, MOVE, v:1, k:poo@estacionamento, mode:BACK
2025-12-15 16:22:30, MOVE, v:1, k:poo@estacionamento, mode:PICK
2025-12-15 16:22:30, EXEC, v:1, k:poo@estacionamento, mode:FULL, rate:0, size:53
2025-12-15 16:22:31, MOVE, v:1, k:poo@estacionamento, mode:BACK
2025-12-15 16:25:04, MOVE, v:1, k:poo@estacionamento, mode:PICK
2025-12-15 16:25:05, EXEC, v:1, k:poo@estacionamento, mode:FULL, rate:0, size:58
2025-12-15 16:25:06, MOVE, v:1, k:poo@estacionamento, mode:BACK
2025-12-15 16:30:13, MOVE, v:1, k:poo@estacionamento, mode:PICK
2025-12-15 16:30:13, EXEC, v:1, k:poo@estacionamento, mode:FULL, rate:0
2025-12-15 16:30:13, MOVE, v:1, k:poo@estacionamento, mode:BACK
2025-12-15 16:43:24, MOVE, v:1, k:poo@estacionamento, mode:PICK
2025-12-15 16:43:24, EXEC, v:1, k:poo@estacionamento, mode:FULL, rate:0, size:64
2025-12-15 16:43:25, MOVE, v:1, k:poo@estacionamento, mode:BACK
2025-12-15 16:56:22, MOVE, v:1, k:poo@estacionamento, mode:PICK
2025-12-15 16:56:22, EXEC, v:1, k:poo@estacionamento, mode:FULL, rate:0, size:68
2025-12-15 16:56:23, MOVE, v:1, k:poo@estacionamento, mode:BACK
2025-12-15 16:57:45, MOVE, v:1, k:poo@estacionamento, mode:PICK
2025-12-15 16:57:46, EXEC, v:1, k:poo@estacionamento, mode:FULL, rate:0, size:70
2025-12-15 16:57:47, MOVE, v:1, k:poo@estacionamento, mode:BACK
2025-12-15 17:08:35, MOVE, v:1, k:poo@estacionamento, mode:PICK
2025-12-15 17:08:35, EXEC, v:1, k:poo@estacionamento, mode:FULL, rate:0, size:75
2025-12-15 17:08:36, MOVE, v:1, k:poo@estacionamento, mode:BACK
2025-12-15 17:13:17, MOVE, v:1, k:poo@estacionamento, mode:PICK
2025-12-15 17:13:17, EXEC, v:1, k:poo@estacionamento, mode:FULL, rate:0, size:77
2025-12-15 17:13:18, MOVE, v:1, k:poo@estacionamento, mode:BACK
2025-12-15 17:16:50, MOVE, v:1, k:poo@estacionamento, mode:PICK
2025-12-15 17:16:50, EXEC, v:1, k:poo@estacionamento, mode:FULL, rate:0, size:78
2025-12-15 17:16:54, EXEC, v:1, k:poo@estacionamento, mode:FULL, rate:0
2025-12-15 17:16:55, MOVE, v:1, k:poo@estacionamento, mode:BACK
2025-12-15 17:25:52, MOVE, v:1, k:poo@estacionamento, mode:PICK
2025-12-15 17:25:53, EXEC, v:1, k:poo@estacionamento, mode:FULL, rate:0, size:84
2025-12-15 17:25:53, MOVE, v:1, k:poo@estacionamento, mode:BACK
2025-12-15 17:36:32, MOVE, v:1, k:poo@estacionamento, mode:PICK
2025-12-15 17:36:33, MOVE, v:1, k:poo@estacionamento, mode:BACK
2025-12-15 17:40:28, MOVE, v:1, k:poo@estacionamento, mode:PICK
2025-12-15 17:40:28, EXEC, v:1, k:poo@estacionamento, mode:FULL, rate:0, size:92
2025-12-15 17:40:29, MOVE, v:1, k:poo@estacionamento, mode:BACK
2025-12-15 17:48:44, MOVE, v:1, k:poo@estacionamento, mode:PICK
2025-12-15 17:48:44, EXEC, v:1, k:poo@estacionamento, mode:FULL, rate:0, size:96
2025-12-15 17:48:45, MOVE, v:1, k:poo@estacionamento, mode:BACK
2025-12-15 18:02:46, MOVE, v:1, k:poo@estacionamento, mode:PICK
2025-12-15 18:02:47, EXEC, v:1, k:poo@estacionamento, mode:FULL, rate:0, size:105
2025-12-15 18:02:48, MOVE, v:1, k:poo@estacionamento, mode:BACK
2025-12-15 18:12:13, MOVE, v:1, k:poo@estacionamento, mode:PICK
2025-12-15 18:12:14, EXEC, v:1, k:poo@estacionamento, mode:FULL, rate:0, size:117
2025-12-15 18:12:14, MOVE, v:1, k:poo@estacionamento, mode:BACK
2025-12-15 18:27:06, MOVE, v:1, k:poo@estacionamento, mode:PICK
2025-12-15 18:27:06, EXEC, v:1, k:poo@estacionamento, mode:FULL, rate:0, size:140
2025-12-15 18:27:07, EXEC, v:1, k:poo@estacionamento, mode:FULL, rate:0
2025-12-15 18:27:17, MOVE, v:1, k:poo@estacionamento, mode:BACK
2025-12-15 18:30:11, MOVE, v:1, k:poo@estacionamento, mode:PICK
2025-12-15 18:30:12, EXEC, v:1, k:poo@estacionamento, mode:FULL, rate:0
2025-12-15 18:31:23, EXEC, v:1, k:poo@estacionamento, mode:FULL, rate:0, size:140
2025-12-15 18:31:24, EXEC, v:1, k:poo@estacionamento, mode:FULL, rate:0
2025-12-15 18:32:21, EXEC, v:1, k:poo@estacionamento, mode:FULL, rate:0, size:140
2025-12-15 18:33:13, EXEC, v:1, k:poo@estacionamento, mode:FULL, rate:0, size:140
2025-12-15 18:33:14, EXEC, v:1, k:poo@estacionamento, mode:FULL, rate:0
2025-12-15 18:34:09, EXEC, v:1, k:poo@estacionamento, mode:FULL, rate:0, size:142
2025-12-15 18:37:02, EXEC, v:1, k:poo@estacionamento, mode:FULL, rate:0, size:142
2025-12-15 18:37:51, EXEC, v:1, k:poo@estacionamento, mode:FULL, rate:0, size:142
2025-12-15 18:37:52, EXEC, v:1, k:poo@estacionamento, mode:FULL, rate:0
2025-12-15 18:37:52, EXEC, v:1, k:poo@estacionamento, mode:FULL, rate:0
2025-12-15 18:38:02, EXEC, v:1, k:poo@estacionamento, mode:FULL, rate:0, size:142
2025-12-15 18:38:03, EXEC, v:1, k:poo@estacionamento, mode:FULL, rate:0
2025-12-15 18:38:04, EXEC, v:1, k:poo@estacionamento, mode:FULL, rate:0
2025-12-15 18:38:10, EXEC, v:1, k:poo@estacionamento, mode:FULL, rate:0, size:142
2025-12-15 18:38:11, EXEC, v:1, k:poo@estacionamento, mode:FULL, rate:0
2025-12-15 18:38:15, EXEC, v:1, k:poo@estacionamento, mode:FULL, rate:0, size:142
2025-12-15 18:41:10, EXEC, v:1, k:poo@estacionamento, mode:FULL, rate:0, size:142
2025-12-15 18:41:11, EXEC, v:1, k:poo@estacionamento, mode:FULL, rate:0
2025-12-15 18:41:24, EXEC, v:1, k:poo@estacionamento, mode:FULL, rate:0, size:142
2025-12-15 18:47:10, EXEC, v:1, k:poo@estacionamento, mode:FULL, rate:100, size:142
2025-12-15 18:47:13, MOVE, v:1, k:poo@estacionamento, mode:BACK
